<?xml version="1.0" encoding="UTF-8"?>
<!-- Generated by org.testng.reporters.JUnitReportReporter -->
<testsuite hostname="DESKTOP-9NP4PP6" failures="0" tests="1" name="com.timetracker.testcases.TestScenario1" time="14.569" errors="0" timestamp="06 Apr. 2021 04:08:14 GMT" skipped="0">
  <testcase classname="com.timetracker.testcases.TestScenario1" name="testTimeTracker" time="14.569"/>
</testsuite> <!-- com.timetracker.testcases.TestScenario1 -->
