<?xml version="1.0" encoding="UTF-8"?>
<!-- Generated by org.testng.reporters.JUnitReportReporter -->
<testsuite hostname="DESKTOP-9NP4PP6" failures="0" tests="2" name="com.timetracker.testcase.TestScenarios" time="36.279" errors="0" timestamp="06 Apr. 2021 13:11:03 GMT" skipped="0">
  <testcase classname="com.timetracker.testcase.TestScenarios" name="updateUserPassword" time="19.177"/>
  <testcase classname="com.timetracker.testcase.TestScenarios" name="updateUserLogin" time="17.102"/>
</testsuite> <!-- com.timetracker.testcase.TestScenarios -->
