<?xml version="1.0" encoding="UTF-8"?>
<!-- Generated by org.testng.reporters.JUnitReportReporter -->
<testsuite hostname="DESKTOP-9NP4PP6" failures="0" tests="2" name="com.timetracker.testcases.TestScenarios" time="35.332" errors="0" timestamp="06 Apr. 2021 12:35:16 GMT" skipped="0">
  <testcase classname="com.timetracker.testcases.TestScenarios" name="updateUserPassword" time="17.641"/>
  <testcase classname="com.timetracker.testcases.TestScenarios" name="updateUserLogin" time="17.691"/>
</testsuite> <!-- com.timetracker.testcases.TestScenarios -->
